yarn run v1.22.22
$ next build
Attention: Next.js now collects completely anonymous telemetry regarding usage.
This information is used to shape Next.js' roadmap and prioritize features.
You can learn more, including how to opt-out if you'd not like to participate in this anonymous program, by visiting the following URL:
https://nextjs.org/telemetry

  ▲ Next.js 14.2.28
  - Experiments (use with caution):
    · outputFileTracingRoot

   Creating an optimized production build ...
 ✓ Compiled successfully
   Skipping linting
   Checking validity of types ...
   Collecting page data ...
   Generating static pages (0/10) ...
   Generating static pages (2/10) 
   Generating static pages (4/10) 
   Generating static pages (7/10) 
 ✓ Generating static pages (10/10)
   Finalizing page optimization ...
   Collecting build traces ...

Route (app)                              Size     First Load JS
┌ ○ /                                    4.23 kB         138 kB
├ ○ /_not-found                          873 B            88 kB
├ ○ /analisis-mercado                    4.4 kB          124 kB
├ ○ /analisis-swot                       3.62 kB         124 kB
├ ○ /pilares-estrategicos                4.33 kB         124 kB
├ ○ /posicionamiento                     3.85 kB         124 kB
├ ○ /reputacion                          4.3 kB          124 kB
└ ○ /segmentacion                        4.39 kB         124 kB
+ First Load JS shared by all            87.1 kB
  ├ chunks/364-8c77473c96bfde72.js       31.6 kB
  ├ chunks/618f8807-a6afbd9cdbd52886.js  53.6 kB
  └ other shared chunks (total)          1.89 kB


○  (Static)  prerendered as static content

Done in 29.77s.
